0 info it worked if it ends with ok
1 verbose cli [ 'node', '/usr/local/bin/npm', 'publish' ]
2 info using npm@2.5.1
3 info using node@v0.12.0
4 verbose publish [ '.' ]
5 silly cache add args [ '.', null ]
6 verbose cache add spec .
7 silly cache add parsed spec { raw: '.',
7 silly cache add   scope: null,
7 silly cache add   name: null,
7 silly cache add   rawSpec: '.',
7 silly cache add   spec: '/Users/suyoubi/code/gulp-seajs-combo',
7 silly cache add   type: 'directory' }
8 verbose addLocalDirectory /Users/suyoubi/.npm/gulp-seajs-package/0.0.1/package.tgz not in flight; packing
9 verbose tar pack [ '/Users/suyoubi/.npm/gulp-seajs-package/0.0.1/package.tgz',
9 verbose tar pack   '/Users/suyoubi/code/gulp-seajs-combo' ]
10 verbose tarball /Users/suyoubi/.npm/gulp-seajs-package/0.0.1/package.tgz
11 verbose folder /Users/suyoubi/code/gulp-seajs-combo
12 info prepublish gulp-seajs-package@0.0.1
13 verbose addLocalTarball adding from inside cache /Users/suyoubi/.npm/gulp-seajs-package/0.0.1/package.tgz
14 silly cache afterAdd gulp-seajs-package@0.0.1
15 verbose afterAdd /Users/suyoubi/.npm/gulp-seajs-package/0.0.1/package/package.json not in flight; writing
16 verbose afterAdd /Users/suyoubi/.npm/gulp-seajs-package/0.0.1/package/package.json written
17 silly publish { name: 'gulp-seajs-package',
17 silly publish   version: '0.0.1',
17 silly publish   description: 'seajs(CMD) Module combo pulgin for gulp',
17 silly publish   homepage: '',
17 silly publish   author: '',
17 silly publish   repository: { type: 'git', url: '' },
17 silly publish   main: 'index.js',
17 silly publish   keywords: [ 'gulpplugin', 'seajs', 'cmd', 'combo' ],
17 silly publish   scripts: { test: 'mocha' },
17 silly publish   dependencies:
17 silly publish    { 'glob-stream': '^4.1.1',
17 silly publish      'graceful-fs': '^3.0.6',
17 silly publish      'gulp-util': '^3.0.0',
17 silly publish      promise: '^6.1.0',
17 silly publish      'strip-bom': '^1.0.0',
17 silly publish      through2: '^0.6.0',
17 silly publish      vinyl: '^0.4.6' },
17 silly publish   devDependencies:
17 silly publish    { gulp: '^3.8.11',
17 silly publish      'gulp-handlebars': '^4.0.0',
17 silly publish      'gulp-wrap': '^0.11.0',
17 silly publish      should: '^4.6.5',
17 silly publish      'stream-assert': '^2.0.2' },
17 silly publish   license: 'MIT',
17 silly publish   readme: '# gulp-seajs-package\n\n***\n> seajs(CMD) Module combo pulgin for gulp\n\n## Install\n\n```\n$ npm install --save-dev gulp-seajs-package\n```\n\n## Usage\n\n```\nvar gulp = require( \'gulp\' ),\n    seajsPackage = require( \'gulp-seajs-package\' );\n    \ngulp.task( \'seajspackage\', function(){\n    return gulp.src( \'src/**/*.js\' )\n        .pipe( seajsPackage({\n        \tbasePath:__dirname+"/src",\n    \t}))\n        .pipe( gulp.desk(\'./build\') );\n}); \n```\n\n## API\n\n### seajsPackage( options )\n\nUnsupported files are ignored.\n\n### options\n\n#### basePath\nType : `String`\n\nsame as seajs.config.base\n\n#### encoding \n\nType : `String`\n\nDefault : `utf-8`\n\n#### ignore\n\nType : `Array`\n\nIgnored module list. combo module `main`, need ignore dependencies `global` and `common`, configuration ignore list : \n\n```\nignore : [ \'global\', \'common\' ]\n```\n\nIgnore configuration has two rules, if need ignore `src/a` and `src/test/a`:\n\n```\nignore : [ \'a\' ]\n```\n\nIf `src/a` and `src/test/a` need ignore `src/test/a`\n\n```\nignore : [ \'src/test/a\' ]\n```\n\n\n\n## Combo rule\n\nModule `a.js` :\n\n```\ndefine(function(){\n    var b = require( \'deps/b\' );\n    return \'a\' + \' \' + b;\n});\n```\n\nModule `b.js` :\n\n```\ndefine(function(){\n    return \'b\';\n});\n```\n\ngulp code :\n\n```\ngulp.src( \'src/a.js\' )\n    .pipe( seajsPackage() )\n    ...\n```\n\nCombined `a.js` :\n\n```\ndefine(\'b\',function(){\n    return \'b\';\n});\ndefine(\'a\',[\'b\'],function(){\n    var b = require( \'b\' );\n    return \'a\' + \' \' + b;\n});\n```\n\nFile `main.js` :\n\n```\nseajs.use( \'a\' );\n```\n\nGulp code : \n\n```\ngulp.src( \'src/main.js\' )\n    .pipe( seajsPackage() )\n    ...\n```\n\nCombined `main.js` :\n\n```\ndefine(\'b\',function(){\n    return \'b\';\n});\ndefine(\'a\',[\'b\'],function(){\n    var b = require( \'b\' );\n    return \'a\' + \' \' + b;\n});\nseajs.use( \'a\' );\n```\n\n\n\n## License\n\nMIT ',
17 silly publish   readmeFilename: 'README.md',
17 silly publish   gitHead: 'd9f4f66546f4588a4f53231966eb8fe1a127724d',
17 silly publish   _id: 'gulp-seajs-package@0.0.1',
17 silly publish   _shasum: 'c693b83d444fa3e91d80f009f0d7c110d0add7fe',
17 silly publish   _from: '.' }
18 silly mapToRegistry name gulp-seajs-package
19 silly mapToRegistry using default registry
20 silly mapToRegistry registry https://registry.npmjs.org/
21 silly mapToRegistry uri https://registry.npmjs.org/gulp-seajs-package
22 verbose publish registryBase https://registry.npmjs.org/
23 silly publish uploading /Users/suyoubi/.npm/gulp-seajs-package/0.0.1/package.tgz
24 verbose request uri https://registry.npmjs.org/gulp-seajs-package
25 verbose request sending authorization for write operation
26 info attempt registry request try #1 at 11:25:03
27 verbose request using bearer token for auth
28 verbose request id d15eff3f40de06a4
29 http request PUT https://registry.npmjs.org/gulp-seajs-package
30 http 403 https://registry.npmjs.org/gulp-seajs-package
31 verbose headers { 'content-type': 'application/json',
31 verbose headers   'cache-control': 'max-age=60',
31 verbose headers   'content-length': '95',
31 verbose headers   'accept-ranges': 'bytes',
31 verbose headers   date: 'Thu, 07 May 2015 03:25:04 GMT',
31 verbose headers   via: '1.1 varnish',
31 verbose headers   connection: 'keep-alive',
31 verbose headers   'x-served-by': 'cache-nrt6129-NRT',
31 verbose headers   'x-cache': 'MISS',
31 verbose headers   'x-cache-hits': '0',
31 verbose headers   'x-timer': 'S1430969103.642527,VS0,VE618' }
32 verbose request invalidating /Users/suyoubi/.npm/registry.npmjs.org/gulp-seajs-package on PUT
33 error publish Failed PUT 403
34 verbose stack Error: "You cannot publish over the previously published version 0.0.1." : gulp-seajs-package
34 verbose stack     at CachingRegistryClient.<anonymous> (/usr/local/lib/node_modules/npm/node_modules/npm-registry-client/lib/request.js:254:14)
34 verbose stack     at Request._callback (/usr/local/lib/node_modules/npm/node_modules/npm-registry-client/lib/request.js:178:14)
34 verbose stack     at Request.self.callback (/usr/local/lib/node_modules/npm/node_modules/request/request.js:344:22)
34 verbose stack     at Request.emit (events.js:110:17)
34 verbose stack     at Request.<anonymous> (/usr/local/lib/node_modules/npm/node_modules/request/request.js:1239:14)
34 verbose stack     at Request.emit (events.js:129:20)
34 verbose stack     at IncomingMessage.<anonymous> (/usr/local/lib/node_modules/npm/node_modules/request/request.js:1187:12)
34 verbose stack     at IncomingMessage.emit (events.js:129:20)
34 verbose stack     at _stream_readable.js:908:16
34 verbose stack     at process._tickCallback (node.js:355:11)
35 verbose statusCode 403
36 verbose pkgid gulp-seajs-package
37 verbose cwd /Users/suyoubi/code/gulp-seajs-combo
38 error Darwin 14.3.0
39 error argv "node" "/usr/local/bin/npm" "publish"
40 error node v0.12.0
41 error npm  v2.5.1
42 error code E403
43 error "You cannot publish over the previously published version 0.0.1." : gulp-seajs-package
44 error If you need help, you may report this error at:
44 error     <http://github.com/npm/npm/issues>
45 verbose exit [ 1, true ]
